/*C13*/SET SCHEMA PUBLIC
INSERT INTO NOME_RANKEADO VALUES(5,3,2,1)
ALTER SEQUENCE PUBLIC.HIBERNATE_SEQUENCE RESTART WITH 6
COMMIT
INSERT INTO NOME_RANKEADO VALUES(6,4,2,1)
ALTER SEQUENCE PUBLIC.HIBERNATE_SEQUENCE RESTART WITH 7
COMMIT
DELETE FROM NOME_RANKEADO WHERE ID=6
COMMIT
DELETE FROM NOME_RANKEADO WHERE ID=5
COMMIT
DELETE FROM NOME_RANKEADO WHERE ID=4
COMMIT
DELETE FROM NOME_RANKEADO WHERE ID=3
COMMIT
INSERT INTO NOME_RANKEADO VALUES(7,1,2,1)
ALTER SEQUENCE PUBLIC.HIBERNATE_SEQUENCE RESTART WITH 8
COMMIT
DISCONNECT
/*C14*/SET SCHEMA PUBLIC
DISCONNECT
/*C15*/SET SCHEMA PUBLIC
DISCONNECT
/*C16*/SET SCHEMA PUBLIC
DISCONNECT
/*C17*/SET SCHEMA PUBLIC
DISCONNECT
/*C18*/SET SCHEMA PUBLIC
DISCONNECT
/*C19*/SET SCHEMA PUBLIC
DISCONNECT
/*C20*/SET SCHEMA PUBLIC
DISCONNECT
/*C21*/SET SCHEMA PUBLIC
DISCONNECT
/*C22*/SET SCHEMA PUBLIC
DISCONNECT
